{"/sandbox/src/Roller.ts": {"path":"/sandbox/src/Roller.ts","statementMap":{"0":{"start":{"line":10,"column":6},"end":{"line":10,"column":72}},"1":{"start":{"line":11,"column":6},"end":{"line":11,"column":21}},"2":{"start":{"line":12,"column":6},"end":{"line":12,"column":53}},"3":{"start":{"line":13,"column":6},"end":{"line":16,"column":null}},"4":{"start":{"line":13,"column":19},"end":{"line":13,"column":20}},"5":{"start":{"line":15,"column":8},"end":{"line":15,"column":37}},"6":{"start":{"line":21,"column":6},"end":{"line":25,"column":null}},"7":{"start":{"line":24,"column":8},"end":{"line":24,"column":17}},"8":{"start":{"line":27,"column":6},"end":{"line":27,"column":25}},"9":{"start":{"line":28,"column":6},"end":{"line":28,"column":71}},"10":{"start":{"line":29,"column":6},"end":{"line":29,"column":19}},"11":{"start":{"line":34,"column":6},"end":{"line":34,"column":24}},"12":{"start":{"line":40,"column":6},"end":{"line":40,"column":57}},"13":{"start":{"line":1,"column":0},"end":{"line":1,"column":13}}},"fnMap":{"0":{"name":"(anonymous_0)","decl":{"start":{"line":7,"column":4},"end":{"line":7,"column":16}},"loc":{"start":{"line":7,"column":29},"end":{"line":17,"column":5}}},"1":{"name":"(anonymous_1)","decl":{"start":{"line":19,"column":4},"end":{"line":19,"column":8}},"loc":{"start":{"line":19,"column":22},"end":{"line":30,"column":5}}},"2":{"name":"(anonymous_2)","decl":{"start":{"line":32,"column":4},"end":{"line":32,"column":8}},"loc":{"start":{"line":32,"column":8},"end":{"line":35,"column":5}}},"3":{"name":"(anonymous_3)","decl":{"start":{"line":37,"column":4},"end":{"line":37,"column":16}},"loc":{"start":{"line":37,"column":16},"end":{"line":41,"column":5}}}},"branchMap":{"0":{"loc":{"start":{"line":10,"column":20},"end":{"line":10,"column":71}},"type":"cond-expr","locations":[{"start":{"line":10,"column":62},"end":{"line":10,"column":67}},{"start":{"line":10,"column":70},"end":{"line":10,"column":71}}]},"1":{"loc":{"start":{"line":10,"column":21},"end":{"line":10,"column":58}},"type":"binary-expr","locations":[{"start":{"line":10,"column":21},"end":{"line":10,"column":31}},{"start":{"line":10,"column":35},"end":{"line":10,"column":58}}]},"2":{"loc":{"start":{"line":21,"column":6},"end":{"line":25,"column":null}},"type":"if","locations":[{"start":{"line":21,"column":6},"end":{"line":25,"column":null}}]},"3":{"loc":{"start":{"line":21,"column":10},"end":{"line":21,"column":70}},"type":"binary-expr","locations":[{"start":{"line":21,"column":10},"end":{"line":21,"column":34}},{"start":{"line":21,"column":38},"end":{"line":21,"column":47}},{"start":{"line":21,"column":51},"end":{"line":21,"column":70}}]}},"s":{"0":5,"1":5,"2":5,"3":5,"4":5,"5":30,"6":11,"7":1,"8":10,"9":10,"10":10,"11":2,"12":3,"13":1},"f":{"0":5,"1":11,"2":2,"3":3},"b":{"0":[5,0],"1":[5,5],"2":[1],"3":[11,11,10]}}
}
